[    2390ms] [ERROR] Failed to fetch RSC payload for http://localhost:4200/auth/login. Falling back to browser navigation. TypeError: Failed to fetch
    at fetchServerResponse (webpack-internal:///(app-pages-browser)/../../node_modules/next/dist/client/components/router-reducer/fetch-server-response.js:59:27)
    at fastRefreshReducerImpl (webpack-internal:///(app-pages-browser)/../../node_modules/next/dist/client/components/router-reducer/reducers/fast-refresh-reducer.js:33:67)
    at clientReducer (webpack-internal:///(app-pages-browser)/../../node_modules/next/dist/client/components/router-reducer/router-reducer.js:41:67)
    at Object.action (webpack-internal:///(app-pages-browser)/../../node_modules/next/dist/shared/lib/router/action-queue.js:150:55)
    at runAction (webpack-internal:///(app-pages-browser)/../../node_modules/next/dist/shared/lib/router/action-queue.js:56:38)
    at dispatchAction (webpack-internal:///(app-pages-browser)/../../node_modules/next/dist/shared/lib/router/action-queue.js:113:9)
    at Object.dispatch (webpack-internal:///(app-pages-browser)/../../node_modules/next/dist/shared/lib/router/action-queue.js:145:40)
    at eval (webpack-internal:///(app-pages-browser)/../../node_modules/next/dist/client/components/use-reducer-with-devtools.js:130:21)
    at eval (webpack-internal:///(app-pages-browser)/../../node_modules/next/dist/client/components/app-router.js:304:25)
    at startTransition (webpack-internal:///(app-pages-browser)/../../node_modules/next/dist/compiled/react/cjs/react.development.js:2597:25)
    at Object.fastRefresh (webpack-internal:///(app-pages-browser)/../../node_modules/next/dist/client/components/app-router.js:303:48)
    at eval (webpack-internal:///(app-pages-browser)/../../node_modules/next/dist/client/components/react-dev-overlay/app/hot-reloader-client.js:277:28)
    at startTransition (webpack-internal:///(app-pages-browser)/../../node_modules/next/dist/compiled/react/cjs/react.development.js:2597:25)
    at processMessage (webpack-internal:///(app-pages-browser)/../../node_modules/next/dist/client/components/react-dev-overlay/app/hot-reloader-client.js:276:44)
    at WebSocket.handler (webpack-internal:///(app-pages-browser)/../../node_modules/next/dist/client/components/react-dev-overlay/app/hot-reloader-client.js:395:17) @ webpack-internal:///(app-pages-browser)/../../node_modules/next/dist/client/app-index.js:32
[    8062ms] [ERROR] Access to fetch at 'http://localhost:3000/user/self' from origin 'http://localhost:4200' has been blocked by CORS policy: Request header field auth is not allowed by Access-Control-Allow-Headers in preflight response. @ http://localhost:4200/launches:0
[    8062ms] [ERROR] Failed to load resource: net::ERR_FAILED @ http://localhost:3000/user/self:0
[   13076ms] [ERROR] Access to fetch at 'http://localhost:3000/user/self' from origin 'http://localhost:4200' has been blocked by CORS policy: Request header field auth is not allowed by Access-Control-Allow-Headers in preflight response. @ http://localhost:4200/launches:0
[   13076ms] [ERROR] Failed to load resource: net::ERR_FAILED @ http://localhost:3000/user/self:0
[   16078ms] [WARNING] The resource http://localhost:4200/_next/static/css/app/(app)/(site)/launches/page.css?v=1773804314470 was preloaded using link preload but not used within a few seconds from the window's load event. Please make sure it has an appropriate `as` value and it is preloaded intentionally. @ http://localhost:4200/launches:0
[   38083ms] [ERROR] Access to fetch at 'http://localhost:3000/user/self' from origin 'http://localhost:4200' has been blocked by CORS policy: Request header field auth is not allowed by Access-Control-Allow-Headers in preflight response. @ http://localhost:4200/launches:0
[   38083ms] [ERROR] Failed to load resource: net::ERR_FAILED @ http://localhost:3000/user/self:0
[   41084ms] [WARNING] The resource http://localhost:4200/_next/static/css/app/(app)/(site)/launches/page.css?v=1773804314470 was preloaded using link preload but not used within a few seconds from the window's load event. Please make sure it has an appropriate `as` value and it is preloaded intentionally. @ http://localhost:4200/launches:0
[   62643ms] [ERROR] Access to fetch at 'http://localhost:3000/user/self' from origin 'http://localhost:4200' has been blocked by CORS policy: Request header field auth is not allowed by Access-Control-Allow-Headers in preflight response. @ http://localhost:4200/launches:0
[   62643ms] [ERROR] Failed to load resource: net::ERR_FAILED @ http://localhost:3000/user/self:0
[   66894ms] [WARNING] The resource http://localhost:4200/_next/static/css/app/(app)/(site)/launches/page.css?v=1773804373293 was preloaded using link preload but not used within a few seconds from the window's load event. Please make sure it has an appropriate `as` value and it is preloaded intentionally. @ http://localhost:4200/launches:0
[   72657ms] [ERROR] Access to fetch at 'http://localhost:3000/user/self' from origin 'http://localhost:4200' has been blocked by CORS policy: Request header field auth is not allowed by Access-Control-Allow-Headers in preflight response. @ http://localhost:4200/launches:0
[   72657ms] [ERROR] Failed to load resource: net::ERR_FAILED @ http://localhost:3000/user/self:0
[   75659ms] [WARNING] The resource http://localhost:4200/_next/static/css/app/(app)/(site)/launches/page.css?v=1773804373293 was preloaded using link preload but not used within a few seconds from the window's load event. Please make sure it has an appropriate `as` value and it is preloaded intentionally. @ http://localhost:4200/launches:0
[   82662ms] [ERROR] Access to fetch at 'http://localhost:3000/user/self' from origin 'http://localhost:4200' has been blocked by CORS policy: Request header field auth is not allowed by Access-Control-Allow-Headers in preflight response. @ http://localhost:4200/launches:0
[   82662ms] [ERROR] Failed to load resource: net::ERR_FAILED @ http://localhost:3000/user/self:0
[   85663ms] [WARNING] The resource http://localhost:4200/_next/static/css/app/(app)/(site)/launches/page.css?v=1773804373293 was preloaded using link preload but not used within a few seconds from the window's load event. Please make sure it has an appropriate `as` value and it is preloaded intentionally. @ http://localhost:4200/launches:0
[   93673ms] [ERROR] Access to fetch at 'http://localhost:3000/user/self' from origin 'http://localhost:4200' has been blocked by CORS policy: Request header field auth is not allowed by Access-Control-Allow-Headers in preflight response. @ http://localhost:4200/launches:0
[   93673ms] [ERROR] Failed to load resource: net::ERR_FAILED @ http://localhost:3000/user/self:0
[   97884ms] [WARNING] The resource http://localhost:4200/_next/static/css/app/(app)/(site)/launches/page.css?v=1773804404717 was preloaded using link preload but not used within a few seconds from the window's load event. Please make sure it has an appropriate `as` value and it is preloaded intentionally. @ http://localhost:4200/launches:0
[   98675ms] [ERROR] Access to fetch at 'http://localhost:3000/user/self' from origin 'http://localhost:4200' has been blocked by CORS policy: Request header field auth is not allowed by Access-Control-Allow-Headers in preflight response. @ http://localhost:4200/launches:0
[   98675ms] [ERROR] Failed to load resource: net::ERR_FAILED @ http://localhost:3000/user/self:0
[  101818ms] [WARNING] The resource http://localhost:4200/_next/static/css/app/(app)/(site)/launches/page.css?v=1773804404717 was preloaded using link preload but not used within a few seconds from the window's load event. Please make sure it has an appropriate `as` value and it is preloaded intentionally. @ http://localhost:4200/launches:0
