[   30682ms] [ERROR] Failed to load resource: the server responded with a status of 401 (Unauthorized) @ http://localhost:3000/user/self:0
[   33214ms] [ERROR] Failed to load resource: the server responded with a status of 401 (Unauthorized) @ http://localhost:3000/user/self:0
[   36484ms] [ERROR] Failed to load resource: the server responded with a status of 401 (Unauthorized) @ http://localhost:3000/user/self:0
[   39059ms] [ERROR] Failed to load resource: the server responded with a status of 401 (Unauthorized) @ http://localhost:3000/user/self:0
[   42730ms] [ERROR] Failed to load resource: the server responded with a status of 401 (Unauthorized) @ http://localhost:3000/user/self:0
[   44673ms] [ERROR] Failed to load resource: the server responded with a status of 401 (Unauthorized) @ http://localhost:3000/user/self:0
[   47564ms] [ERROR] Failed to load resource: the server responded with a status of 401 (Unauthorized) @ http://localhost:3000/user/self:0
[   49497ms] [ERROR] Failed to load resource: the server responded with a status of 401 (Unauthorized) @ http://localhost:3000/user/self:0
[   51433ms] [ERROR] Failed to load resource: the server responded with a status of 401 (Unauthorized) @ http://localhost:3000/user/self:0
[   56940ms] ChunkLoadError: Loading chunk app/(app)/(site)/layout failed.
(error: http://localhost:4200/_next/static/chunks/app/(app)/(site)/layout.js)
    at __webpack_require__.f.j (http://localhost:4200/_next/static/chunks/webpack.js?v=1773812945311:852:29)
    at http://localhost:4200/_next/static/chunks/webpack.js?v=1773812945311:155:40
    at Array.reduce (<anonymous>)
    at __webpack_require__.e (http://localhost:4200/_next/static/chunks/webpack.js?v=1773812945311:154:67)
    at fn.e (http://localhost:4200/_next/static/chunks/webpack.js?v=1773812945311:391:50)
    at loadChunk (webpack-internal:///(app-pages-browser)/../../node_modules/next/dist/compiled/react-server-dom-webpack/cjs/react-server-dom-webpack-client.browser.development.js:251:30)
    at preloadModule (webpack-internal:///(app-pages-browser)/../../node_modules/next/dist/compiled/react-server-dom-webpack/cjs/react-server-dom-webpack-client.browser.development.js:173:22)
    at resolveModule (webpack-internal:///(app-pages-browser)/../../node_modules/next/dist/compiled/react-server-dom-webpack/cjs/react-server-dom-webpack-client.browser.development.js:1819:17)
    at processFullRow (webpack-internal:///(app-pages-browser)/../../node_modules/next/dist/compiled/react-server-dom-webpack/cjs/react-server-dom-webpack-client.browser.development.js:1908:9)
    at processBinaryChunk (webpack-internal:///(app-pages-browser)/../../node_modules/next/dist/compiled/react-server-dom-webpack/cjs/react-server-dom-webpack-client.browser.development.js:2078:7)
[   56936ms] [ERROR] Warning: An error occurred during hydration. The server HTML was replaced with client content in <%s>. #document @ webpack-internal:///(app-pages-browser)/../../node_modules/next/dist/client/app-index.js:32
[   56944ms] ChunkLoadError: Loading chunk app/(app)/(site)/layout failed.
(error: http://localhost:4200/_next/static/chunks/app/(app)/(site)/layout.js)
    at __webpack_require__.f.j (http://localhost:4200/_next/static/chunks/webpack.js?v=1773812945311:852:29)
    at http://localhost:4200/_next/static/chunks/webpack.js?v=1773812945311:155:40
    at Array.reduce (<anonymous>)
    at __webpack_require__.e (http://localhost:4200/_next/static/chunks/webpack.js?v=1773812945311:154:67)
    at fn.e (http://localhost:4200/_next/static/chunks/webpack.js?v=1773812945311:391:50)
    at loadChunk (webpack-internal:///(app-pages-browser)/../../node_modules/next/dist/compiled/react-server-dom-webpack/cjs/react-server-dom-webpack-client.browser.development.js:251:30)
    at preloadModule (webpack-internal:///(app-pages-browser)/../../node_modules/next/dist/compiled/react-server-dom-webpack/cjs/react-server-dom-webpack-client.browser.development.js:173:22)
    at resolveModule (webpack-internal:///(app-pages-browser)/../../node_modules/next/dist/compiled/react-server-dom-webpack/cjs/react-server-dom-webpack-client.browser.development.js:1819:17)
    at processFullRow (webpack-internal:///(app-pages-browser)/../../node_modules/next/dist/compiled/react-server-dom-webpack/cjs/react-server-dom-webpack-client.browser.development.js:1908:9)
    at processBinaryChunk (webpack-internal:///(app-pages-browser)/../../node_modules/next/dist/compiled/react-server-dom-webpack/cjs/react-server-dom-webpack-client.browser.development.js:2078:7)
[   56944ms] ChunkLoadError: Loading chunk app/(app)/(site)/layout failed.
(error: http://localhost:4200/_next/static/chunks/app/(app)/(site)/layout.js)
    at __webpack_require__.f.j (http://localhost:4200/_next/static/chunks/webpack.js?v=1773812945311:852:29)
    at http://localhost:4200/_next/static/chunks/webpack.js?v=1773812945311:155:40
    at Array.reduce (<anonymous>)
    at __webpack_require__.e (http://localhost:4200/_next/static/chunks/webpack.js?v=1773812945311:154:67)
    at fn.e (http://localhost:4200/_next/static/chunks/webpack.js?v=1773812945311:391:50)
    at loadChunk (webpack-internal:///(app-pages-browser)/../../node_modules/next/dist/compiled/react-server-dom-webpack/cjs/react-server-dom-webpack-client.browser.development.js:251:30)
    at preloadModule (webpack-internal:///(app-pages-browser)/../../node_modules/next/dist/compiled/react-server-dom-webpack/cjs/react-server-dom-webpack-client.browser.development.js:173:22)
    at resolveModule (webpack-internal:///(app-pages-browser)/../../node_modules/next/dist/compiled/react-server-dom-webpack/cjs/react-server-dom-webpack-client.browser.development.js:1819:17)
    at processFullRow (webpack-internal:///(app-pages-browser)/../../node_modules/next/dist/compiled/react-server-dom-webpack/cjs/react-server-dom-webpack-client.browser.development.js:1908:9)
    at processBinaryChunk (webpack-internal:///(app-pages-browser)/../../node_modules/next/dist/compiled/react-server-dom-webpack/cjs/react-server-dom-webpack-client.browser.development.js:2078:7)
[   56945ms] ChunkLoadError: Loading chunk app/(app)/(site)/layout failed.
(error: http://localhost:4200/_next/static/chunks/app/(app)/(site)/layout.js)
    at __webpack_require__.f.j (http://localhost:4200/_next/static/chunks/webpack.js?v=1773812945311:852:29)
    at http://localhost:4200/_next/static/chunks/webpack.js?v=1773812945311:155:40
    at Array.reduce (<anonymous>)
    at __webpack_require__.e (http://localhost:4200/_next/static/chunks/webpack.js?v=1773812945311:154:67)
    at fn.e (http://localhost:4200/_next/static/chunks/webpack.js?v=1773812945311:391:50)
    at loadChunk (webpack-internal:///(app-pages-browser)/../../node_modules/next/dist/compiled/react-server-dom-webpack/cjs/react-server-dom-webpack-client.browser.development.js:251:30)
    at preloadModule (webpack-internal:///(app-pages-browser)/../../node_modules/next/dist/compiled/react-server-dom-webpack/cjs/react-server-dom-webpack-client.browser.development.js:173:22)
    at resolveModule (webpack-internal:///(app-pages-browser)/../../node_modules/next/dist/compiled/react-server-dom-webpack/cjs/react-server-dom-webpack-client.browser.development.js:1819:17)
    at processFullRow (webpack-internal:///(app-pages-browser)/../../node_modules/next/dist/compiled/react-server-dom-webpack/cjs/react-server-dom-webpack-client.browser.development.js:1908:9)
    at processBinaryChunk (webpack-internal:///(app-pages-browser)/../../node_modules/next/dist/compiled/react-server-dom-webpack/cjs/react-server-dom-webpack-client.browser.development.js:2078:7)
[   56945ms] ChunkLoadError: Loading chunk app/(app)/(site)/layout failed.
(error: http://localhost:4200/_next/static/chunks/app/(app)/(site)/layout.js)
    at __webpack_require__.f.j (http://localhost:4200/_next/static/chunks/webpack.js?v=1773812945311:852:29)
    at http://localhost:4200/_next/static/chunks/webpack.js?v=1773812945311:155:40
    at Array.reduce (<anonymous>)
    at __webpack_require__.e (http://localhost:4200/_next/static/chunks/webpack.js?v=1773812945311:154:67)
    at fn.e (http://localhost:4200/_next/static/chunks/webpack.js?v=1773812945311:391:50)
    at loadChunk (webpack-internal:///(app-pages-browser)/../../node_modules/next/dist/compiled/react-server-dom-webpack/cjs/react-server-dom-webpack-client.browser.development.js:251:30)
    at preloadModule (webpack-internal:///(app-pages-browser)/../../node_modules/next/dist/compiled/react-server-dom-webpack/cjs/react-server-dom-webpack-client.browser.development.js:173:22)
    at resolveModule (webpack-internal:///(app-pages-browser)/../../node_modules/next/dist/compiled/react-server-dom-webpack/cjs/react-server-dom-webpack-client.browser.development.js:1819:17)
    at processFullRow (webpack-internal:///(app-pages-browser)/../../node_modules/next/dist/compiled/react-server-dom-webpack/cjs/react-server-dom-webpack-client.browser.development.js:1908:9)
    at processBinaryChunk (webpack-internal:///(app-pages-browser)/../../node_modules/next/dist/compiled/react-server-dom-webpack/cjs/react-server-dom-webpack-client.browser.development.js:2078:7)
[   56945ms] ChunkLoadError: Loading chunk app/(app)/(site)/layout failed.
(error: http://localhost:4200/_next/static/chunks/app/(app)/(site)/layout.js)
    at __webpack_require__.f.j (http://localhost:4200/_next/static/chunks/webpack.js?v=1773812945311:852:29)
    at http://localhost:4200/_next/static/chunks/webpack.js?v=1773812945311:155:40
    at Array.reduce (<anonymous>)
    at __webpack_require__.e (http://localhost:4200/_next/static/chunks/webpack.js?v=1773812945311:154:67)
    at fn.e (http://localhost:4200/_next/static/chunks/webpack.js?v=1773812945311:391:50)
    at loadChunk (webpack-internal:///(app-pages-browser)/../../node_modules/next/dist/compiled/react-server-dom-webpack/cjs/react-server-dom-webpack-client.browser.development.js:251:30)
    at preloadModule (webpack-internal:///(app-pages-browser)/../../node_modules/next/dist/compiled/react-server-dom-webpack/cjs/react-server-dom-webpack-client.browser.development.js:173:22)
    at resolveModule (webpack-internal:///(app-pages-browser)/../../node_modules/next/dist/compiled/react-server-dom-webpack/cjs/react-server-dom-webpack-client.browser.development.js:1819:17)
    at processFullRow (webpack-internal:///(app-pages-browser)/../../node_modules/next/dist/compiled/react-server-dom-webpack/cjs/react-server-dom-webpack-client.browser.development.js:1908:9)
    at processBinaryChunk (webpack-internal:///(app-pages-browser)/../../node_modules/next/dist/compiled/react-server-dom-webpack/cjs/react-server-dom-webpack-client.browser.development.js:2078:7)
[   56946ms] ChunkLoadError: Loading chunk app/(app)/(site)/layout failed.
(error: http://localhost:4200/_next/static/chunks/app/(app)/(site)/layout.js)
    at __webpack_require__.f.j (http://localhost:4200/_next/static/chunks/webpack.js?v=1773812945311:852:29)
    at http://localhost:4200/_next/static/chunks/webpack.js?v=1773812945311:155:40
    at Array.reduce (<anonymous>)
    at __webpack_require__.e (http://localhost:4200/_next/static/chunks/webpack.js?v=1773812945311:154:67)
    at fn.e (http://localhost:4200/_next/static/chunks/webpack.js?v=1773812945311:391:50)
    at loadChunk (webpack-internal:///(app-pages-browser)/../../node_modules/next/dist/compiled/react-server-dom-webpack/cjs/react-server-dom-webpack-client.browser.development.js:251:30)
    at preloadModule (webpack-internal:///(app-pages-browser)/../../node_modules/next/dist/compiled/react-server-dom-webpack/cjs/react-server-dom-webpack-client.browser.development.js:173:22)
    at resolveModule (webpack-internal:///(app-pages-browser)/../../node_modules/next/dist/compiled/react-server-dom-webpack/cjs/react-server-dom-webpack-client.browser.development.js:1819:17)
    at processFullRow (webpack-internal:///(app-pages-browser)/../../node_modules/next/dist/compiled/react-server-dom-webpack/cjs/react-server-dom-webpack-client.browser.development.js:1908:9)
    at processBinaryChunk (webpack-internal:///(app-pages-browser)/../../node_modules/next/dist/compiled/react-server-dom-webpack/cjs/react-server-dom-webpack-client.browser.development.js:2078:7)
[   56947ms] ChunkLoadError: Loading chunk app/(app)/(site)/layout failed.
(error: http://localhost:4200/_next/static/chunks/app/(app)/(site)/layout.js)
    at __webpack_require__.f.j (http://localhost:4200/_next/static/chunks/webpack.js?v=1773812945311:852:29)
    at http://localhost:4200/_next/static/chunks/webpack.js?v=1773812945311:155:40
    at Array.reduce (<anonymous>)
    at __webpack_require__.e (http://localhost:4200/_next/static/chunks/webpack.js?v=1773812945311:154:67)
    at fn.e (http://localhost:4200/_next/static/chunks/webpack.js?v=1773812945311:391:50)
    at loadChunk (webpack-internal:///(app-pages-browser)/../../node_modules/next/dist/compiled/react-server-dom-webpack/cjs/react-server-dom-webpack-client.browser.development.js:251:30)
    at preloadModule (webpack-internal:///(app-pages-browser)/../../node_modules/next/dist/compiled/react-server-dom-webpack/cjs/react-server-dom-webpack-client.browser.development.js:173:22)
    at resolveModule (webpack-internal:///(app-pages-browser)/../../node_modules/next/dist/compiled/react-server-dom-webpack/cjs/react-server-dom-webpack-client.browser.development.js:1819:17)
    at processFullRow (webpack-internal:///(app-pages-browser)/../../node_modules/next/dist/compiled/react-server-dom-webpack/cjs/react-server-dom-webpack-client.browser.development.js:1908:9)
    at processBinaryChunk (webpack-internal:///(app-pages-browser)/../../node_modules/next/dist/compiled/react-server-dom-webpack/cjs/react-server-dom-webpack-client.browser.development.js:2078:7)
[   56943ms] [ERROR] The above error occurred in the <NotFoundErrorBoundary> component:

    at Lazy
    at Layout (Server)
    at InnerLayoutRouter (webpack-internal:///(app-pages-browser)/../../node_modules/next/dist/client/components/layout-router.js:243:11)
    at RedirectErrorBoundary (webpack-internal:///(app-pages-browser)/../../node_modules/next/dist/client/components/redirect-boundary.js:74:9)
    at RedirectBoundary (webpack-internal:///(app-pages-browser)/../../node_modules/next/dist/client/components/redirect-boundary.js:82:11)
    at NotFoundErrorBoundary (webpack-internal:///(app-pages-browser)/../../node_modules/next/dist/client/components/not-found-boundary.js:76:9)
    at NotFoundBoundary (webpack-internal:///(app-pages-browser)/../../node_modules/next/dist/client/components/not-found-boundary.js:84:11)
    at LoadingBoundary (webpack-internal:///(app-pages-browser)/../../node_modules/next/dist/client/components/layout-router.js:349:11)
    at ErrorBoundary (webpack-internal:///(app-pages-browser)/../../node_modules/next/dist/client/components/error-boundary.js:160:11)
    at InnerScrollAndFocusHandler (webpack-internal:///(app-pages-browser)/../../node_modules/next/dist/client/components/layout-router.js:153:9)
    at ScrollAndFocusHandler (webpack-internal:///(app-pages-browser)/../../node_modules/next/dist/client/components/layout-router.js:228:11)
    at RenderFromTemplateContext (webpack-internal:///(app-pages-browser)/../../node_modules/next/dist/client/components/render-from-template-context.js:16:44)
    at OuterLayoutRouter (webpack-internal:///(app-pages-browser)/../../node_modules/next/dist/client/components/layout-router.js:370:11)
    at FetchWrapperComponent (webpack-internal:///(app-pages-browser)/../../libraries/helpers/src/utils/custom.fetch.tsx:26:13)
    at LayoutContextInner (webpack-internal:///(app-pages-browser)/./src/components/layout/layout.context.tsx:45:120)
    at LayoutContext
    at PHProvider (webpack-internal:///(app-pages-browser)/../../libraries/react-shared-libraries/src/helpers/posthog.tsx:16:11)
    at SentryComponent (webpack-internal:///(app-pages-browser)/./src/components/layout/sentry.component.tsx:16:11)
    at VariableContextComponent (webpack-internal:///(app-pages-browser)/../../libraries/react-shared-libraries/src/helpers/variable.context.tsx:41:13)
    at body
    at html
    at AppLayout (Server)
    at InnerLayoutRouter (webpack-internal:///(app-pages-browser)/../../node_modules/next/dist/client/components/layout-router.js:243:11)
    at RedirectErrorBoundary (webpack-internal:///(app-pages-browser)/../../node_modules/next/dist/client/components/redirect-boundary.js:74:9)
    at RedirectBoundary (webpack-internal:///(app-pages-browser)/../../node_modules/next/dist/client/components/redirect-boundary.js:82:11)
    at NotFoundErrorBoundary (webpack-internal:///(app-pages-browser)/../../node_modules/next/dist/client/components/not-found-boundary.js:76:9)
    at NotFoundBoundary (webpack-internal:///(app-pages-browser)/../../node_modules/next/dist/client/components/not-found-boundary.js:84:11)
    at LoadingBoundary (webpack-internal:///(app-pages-browser)/../../node_modules/next/dist/client/components/layout-router.js:349:11)
    at ErrorBoundary (webpack-internal:///(app-pages-browser)/../../node_modules/next/dist/client/components/error-boundary.js:160:11)
    at InnerScrollAndFocusHandler (webpack-internal:///(app-pages-browser)/../../node_modules/next/dist/client/components/layout-router.js:153:9)
    at ScrollAndFocusHandler (webpack-internal:///(app-pages-browser)/../../node_modules/next/dist/client/components/layout-router.js:228:11)
    at RenderFromTemplateContext (webpack-internal:///(app-pages-browser)/../../node_modules/next/dist/client/components/render-from-template-context.js:16:44)
    at OuterLayoutRouter (webpack-internal:///(app-pages-browser)/../../node_modules/next/dist/client/components/layout-router.js:370:11)
    at RedirectErrorBoundary (webpack-internal:///(app-pages-browser)/../../node_modules/next/dist/client/components/redirect-boundary.js:74:9)
    at RedirectBoundary (webpack-internal:///(app-pages-browser)/../../node_modules/next/dist/client/components/redirect-boundary.js:82:11)
    at NotFoundErrorBoundary (webpack-internal:///(app-pages-browser)/../../node_modules/next/dist/client/components/not-found-boundary.js:76:9)
    at NotFoundBoundary (webpack-internal:///(app-pages-browser)/../../node_modules/next/dist/client/components/not-found-boundary.js:84:11)
    at DevRootNotFoundBoundary (webpack-internal:///(app-pages-browser)/../../node_modules/next/dist/client/components/dev-root-not-found-boundary.js:33:11)
    at ReactDevOverlay (webpack-internal:///(app-pages-browser)/../../node_modules/next/dist/client/components/react-dev-overlay/app/ReactDevOverlay.js:87:9)
    at HotReload (webpack-internal:///(app-pages-browser)/../../node_modules/next/dist/client/components/react-dev-overlay/app/hot-reloader-client.js:321:11)
    at Router (webpack-internal:///(app-pages-browser)/../../node_modules/next/dist/client/components/app-router.js:207:11)
    at ErrorBoundaryHandler (webpack-internal:///(app-pages-browser)/../../node_modules/next/dist/client/components/error-boundary.js:113:9)
    at ErrorBoundary (webpack-internal:///(app-pages-browser)/../../node_modules/next/dist/client/components/error-boundary.js:160:11)
    at AppRouter (webpack-internal:///(app-pages-browser)/../../node_modules/next/dist/client/components/app-router.js:585:13)
    at ServerRoot (webpack-internal:///(app-pages-browser)/../../node_modules/next/dist/client/app-index.js:112:27)
    at Root (webpack-internal:///(app-pages-browser)/../../node_modules/next/dist/client/app-index.js:117:11)

React will try to recreate this component tree from scratch using the error boundary you provided, ReactDevOverlay. @ webpack-internal:///(app-pages-browser)/../../node_modules/next/dist/client/app-index.js:32
[   56998ms] Error: There was an error while hydrating. Because the error happened outside of a Suspense boundary, the entire root will switch to client rendering.
See more info here: https://nextjs.org/docs/messages/react-hydration-error
    at updateHostRoot (webpack-internal:///(app-pages-browser)/../../node_modules/next/dist/compiled/react-dom/cjs/react-dom.development.js:16571:57)
    at beginWork$1 (webpack-internal:///(app-pages-browser)/../../node_modules/next/dist/compiled/react-dom/cjs/react-dom.development.js:18486:14)
    at beginWork (webpack-internal:///(app-pages-browser)/../../node_modules/next/dist/compiled/react-dom/cjs/react-dom.development.js:26927:14)
    at performUnitOfWork (webpack-internal:///(app-pages-browser)/../../node_modules/next/dist/compiled/react-dom/cjs/react-dom.development.js:25748:12)
    at workLoopSync (webpack-internal:///(app-pages-browser)/../../node_modules/next/dist/compiled/react-dom/cjs/react-dom.development.js:25464:5)
    at renderRootSync (webpack-internal:///(app-pages-browser)/../../node_modules/next/dist/compiled/react-dom/cjs/react-dom.development.js:25419:7)
    at recoverFromConcurrentError (webpack-internal:///(app-pages-browser)/../../node_modules/next/dist/compiled/react-dom/cjs/react-dom.development.js:24597:20)
    at performConcurrentWorkOnRoot (webpack-internal:///(app-pages-browser)/../../node_modules/next/dist/compiled/react-dom/cjs/react-dom.development.js:24542:26)
    at workLoop (webpack-internal:///(app-pages-browser)/../../node_modules/next/dist/compiled/scheduler/cjs/scheduler.development.js:256:34)
    at flushWork (webpack-internal:///(app-pages-browser)/../../node_modules/next/dist/compiled/scheduler/cjs/scheduler.development.js:225:14)
    at MessagePort.performWorkUntilDeadline (webpack-internal:///(app-pages-browser)/../../node_modules/next/dist/compiled/scheduler/cjs/scheduler.development.js:534:21)
[   57037ms] [ERROR] WebSocket connection to 'ws://localhost:4200/_next/webpack-hmr' failed: Error during WebSocket handshake: net::ERR_CONNECTION_RESET @ webpack-internal:///(app-pages-browser)/../../node_modules/next/dist/client/components/react-dev-overlay/internal/helpers/use-websocket.js:41
[   57037ms] [ERROR] Failed to load resource: net::ERR_CONNECTION_RESET @ http://localhost:4200/__nextjs_original-stack-frame?isServer=false&isEdgeServer=false&isAppDirectory=true&errorMessage=ChunkLoadError%3A+Loading+chunk+app%2F%28app%29%2F%28site%29%2Flayout+failed.%0A%28error%3A+http%3A%2F%2Flocalhost%3A4200%2F_next%2Fstatic%2Fchunks%2Fapp%2F%28app%29%2F%28site%29%2Flayout.js%29&file=file%3A%2F%2F%2FUsers%2Fajay%2FProjects%2Fpostiz-app%2Fapps%2Ffrontend%2F.next%2Fstatic%2Fchunks%2Fwebpack.js%3Fv%3D1773812945311&methodName=__webpack_require__.f.j&arguments=&lineNumber=852&column=29:0
[   57038ms] [ERROR] Failed to load resource: net::ERR_CONNECTION_RESET @ http://localhost:4200/__nextjs_original-stack-frame?isServer=false&isEdgeServer=false&isAppDirectory=true&errorMessage=ChunkLoadError%3A+Loading+chunk+app%2F%28app%29%2F%28site%29%2Flayout+failed.%0A%28error%3A+http%3A%2F%2Flocalhost%3A4200%2F_next%2Fstatic%2Fchunks%2Fapp%2F%28app%29%2F%28site%29%2Flayout.js%29&file=file%3A%2F%2F%2FUsers%2Fajay%2FProjects%2Fpostiz-app%2Fapps%2Ffrontend%2F.next%2Fstatic%2Fchunks%2Fwebpack.js%3Fv%3D1773812945311&methodName=%3Cunknown%3E&arguments=&lineNumber=155&column=40:0
[   57038ms] [ERROR] Failed to load resource: net::ERR_CONNECTION_RESET @ http://localhost:4200/__nextjs_original-stack-frame?isServer=false&isEdgeServer=false&isAppDirectory=true&errorMessage=ChunkLoadError%3A+Loading+chunk+app%2F%28app%29%2F%28site%29%2Flayout+failed.%0A%28error%3A+http%3A%2F%2Flocalhost%3A4200%2F_next%2Fstatic%2Fchunks%2Fapp%2F%28app%29%2F%28site%29%2Flayout.js%29&file=file%3A%2F%2F%2FUsers%2Fajay%2FProjects%2Fpostiz-app%2Fapps%2Ffrontend%2F.next%2Fstatic%2Fchunks%2Fwebpack.js%3Fv%3D1773812945311&methodName=fn.e&arguments=&lineNumber=391&column=50:0
[   57038ms] [ERROR] Failed to load resource: net::ERR_CONNECTION_RESET @ http://localhost:4200/__nextjs_original-stack-frame?isServer=false&isEdgeServer=false&isAppDirectory=true&errorMessage=ChunkLoadError%3A+Loading+chunk+app%2F%28app%29%2F%28site%29%2Flayout+failed.%0A%28error%3A+http%3A%2F%2Flocalhost%3A4200%2F_next%2Fstatic%2Fchunks%2Fapp%2F%28app%29%2F%28site%29%2Flayout.js%29&file=webpack-internal%3A%2F%2F%2F%28app-pages-browser%29%2F..%2F..%2Fnode_modules%2Fnext%2Fdist%2Fcompiled%2Freact-server-dom-webpack%2Fcjs%2Freact-server-dom-webpack-client.browser.development.js&methodName=preloadModule&arguments=&lineNumber=173&column=22:0
[   57038ms] [ERROR] Failed to load resource: net::ERR_CONNECTION_RESET @ http://localhost:4200/__nextjs_original-stack-frame?isServer=false&isEdgeServer=false&isAppDirectory=true&errorMessage=ChunkLoadError%3A+Loading+chunk+app%2F%28app%29%2F%28site%29%2Flayout+failed.%0A%28error%3A+http%3A%2F%2Flocalhost%3A4200%2F_next%2Fstatic%2Fchunks%2Fapp%2F%28app%29%2F%28site%29%2Flayout.js%29&file=file%3A%2F%2F%2FUsers%2Fajay%2FProjects%2Fpostiz-app%2Fapps%2Ffrontend%2F.next%2Fstatic%2Fchunks%2Fwebpack.js%3Fv%3D1773812945311&methodName=__webpack_require__.e&arguments=&lineNumber=154&column=67:0
[   57038ms] [ERROR] Failed to load resource: net::ERR_CONNECTION_RESET @ http://localhost:4200/__nextjs_original-stack-frame?isServer=false&isEdgeServer=false&isAppDirectory=true&errorMessage=ChunkLoadError%3A+Loading+chunk+app%2F%28app%29%2F%28site%29%2Flayout+failed.%0A%28error%3A+http%3A%2F%2Flocalhost%3A4200%2F_next%2Fstatic%2Fchunks%2Fapp%2F%28app%29%2F%28site%29%2Flayout.js%29&file=webpack-internal%3A%2F%2F%2F%28app-pages-browser%29%2F..%2F..%2Fnode_modules%2Fnext%2Fdist%2Fcompiled%2Freact-server-dom-webpack%2Fcjs%2Freact-server-dom-webpack-client.browser.development.js&methodName=loadChunk&arguments=&lineNumber=251&column=30:0
[   57038ms] [ERROR] Failed to load resource: net::ERR_CONNECTION_REFUSED @ http://localhost:4200/__nextjs_original-stack-frame?isServer=false&isEdgeServer=false&isAppDirectory=true&errorMessage=ChunkLoadError%3A+Loading+chunk+app%2F%28app%29%2F%28site%29%2Flayout+failed.%0A%28error%3A+http%3A%2F%2Flocalhost%3A4200%2F_next%2Fstatic%2Fchunks%2Fapp%2F%28app%29%2F%28site%29%2Flayout.js%29&file=webpack-internal%3A%2F%2F%2F%28app-pages-browser%29%2F..%2F..%2Fnode_modules%2Fnext%2Fdist%2Fcompiled%2Freact-server-dom-webpack%2Fcjs%2Freact-server-dom-webpack-client.browser.development.js&methodName=resolveModule&arguments=&lineNumber=1819&column=17:0
[   57039ms] [ERROR] Failed to load resource: net::ERR_CONNECTION_REFUSED @ http://localhost:4200/__nextjs_original-stack-frame?isServer=false&isEdgeServer=false&isAppDirectory=true&errorMessage=ChunkLoadError%3A+Loading+chunk+app%2F%28app%29%2F%28site%29%2Flayout+failed.%0A%28error%3A+http%3A%2F%2Flocalhost%3A4200%2F_next%2Fstatic%2Fchunks%2Fapp%2F%28app%29%2F%28site%29%2Flayout.js%29&file=webpack-internal%3A%2F%2F%2F%28app-pages-browser%29%2F..%2F..%2Fnode_modules%2Fnext%2Fdist%2Fcompiled%2Freact-server-dom-webpack%2Fcjs%2Freact-server-dom-webpack-client.browser.development.js&methodName=processFullRow&arguments=&lineNumber=1908&column=9:0
[   57039ms] [ERROR] Failed to load resource: net::ERR_CONNECTION_REFUSED @ http://localhost:4200/__nextjs_original-stack-frame?isServer=false&isEdgeServer=false&isAppDirectory=true&errorMessage=ChunkLoadError%3A+Loading+chunk+app%2F%28app%29%2F%28site%29%2Flayout+failed.%0A%28error%3A+http%3A%2F%2Flocalhost%3A4200%2F_next%2Fstatic%2Fchunks%2Fapp%2F%28app%29%2F%28site%29%2Flayout.js%29&file=webpack-internal%3A%2F%2F%2F%28app-pages-browser%29%2F..%2F..%2Fnode_modules%2Fnext%2Fdist%2Fcompiled%2Freact-server-dom-webpack%2Fcjs%2Freact-server-dom-webpack-client.browser.development.js&methodName=processBinaryChunk&arguments=&lineNumber=2078&column=7:0
[   60041ms] [WARNING] The resource http://localhost:4200/_next/static/css/app/(app)/(site)/launches/page.css?v=1773812945311 was preloaded using link preload but not used within a few seconds from the window's load event. Please make sure it has an appropriate `as` value and it is preloaded intentionally. @ http://localhost:4200/launches:0
