[   12501ms] [ERROR] Warning: Expected server HTML to contain a matching <%s> in <%s>.%s div body 
    at div
    at ModalManager (webpack-internal:///(app-pages-browser)/./src/components/layout/new-modal.tsx:335:11)
    at MantineWrapper (webpack-internal:///(app-pages-browser)/../../libraries/react-shared-libraries/src/helpers/mantine.wrapper.tsx:17:19)
    at ContextWrapper (webpack-internal:///(app-pages-browser)/./src/components/layout/user.context.tsx:17:11)
    at LayoutComponent (webpack-internal:///(app-pages-browser)/./src/components/new-layout/layout.component.tsx:81:11)
    at Layout (Server)
    at InnerLayoutRouter (webpack-internal:///(app-pages-browser)/../../node_modules/next/dist/client/components/layout-router.js:243:11)
    at RedirectErrorBoundary (webpack-internal:///(app-pages-browser)/../../node_modules/next/dist/client/components/redirect-boundary.js:74:9)
    at RedirectBoundary (webpack-internal:///(app-pages-browser)/../../node_modules/next/dist/client/components/redirect-boundary.js:82:11)
    at NotFoundErrorBoundary (webpack-internal:///(app-pages-browser)/../../node_modules/next/dist/client/components/not-found-boundary.js:76:9)
    at NotFoundBoundary (webpack-internal:///(app-pages-browser)/../../node_modules/next/dist/client/components/not-found-boundary.js:84:11)
    at LoadingBoundary (webpack-internal:///(app-pages-browser)/../../node_modules/next/dist/client/components/layout-router.js:349:11)
    at ErrorBoundary (webpack-internal:///(app-pages-browser)/../../node_modules/next/dist/client/components/error-boundary.js:160:11)
    at InnerScrollAndFocusHandler (webpack-internal:///(app-pages-browser)/../../node_modules/next/dist/client/components/layout-router.js:153:9)
    at ScrollAndFocusHandler (webpack-internal:///(app-pages-browser)/../../node_modules/next/dist/client/components/layout-router.js:228:11)
    at RenderFromTemplateContext (webpack-internal:///(app-pages-browser)/../../node_modules/next/dist/client/components/render-from-template-context.js:16:44)
    at OuterLayoutRouter (webpack-internal:///(app-pages-browser)/../../node_modules/next/dist/client/components/layout-router.js:370:11)
    at FetchWrapperComponent (webpack-internal:///(app-pages-browser)/../../libraries/helpers/src/utils/custom.fetch.tsx:26:13)
    at LayoutContextInner (webpack-internal:///(app-pages-browser)/./src/components/layout/layout.context.tsx:45:120)
    at LayoutContext
    at PHProvider (webpack-internal:///(app-pages-browser)/../../libraries/react-shared-libraries/src/helpers/posthog.tsx:16:11)
    at SentryComponent (webpack-internal:///(app-pages-browser)/./src/components/layout/sentry.component.tsx:16:11)
    at VariableContextComponent (webpack-internal:///(app-pages-browser)/../../libraries/react-shared-libraries/src/helpers/variable.context.tsx:41:13)
    at body
    at html
    at AppLayout (Server)
    at InnerLayoutRouter (webpack-internal:///(app-pages-browser)/../../node_modules/next/dist/client/components/layout-router.js:243:11)
    at RedirectErrorBoundary (webpack-internal:///(app-pages-browser)/../../node_modules/next/dist/client/components/redirect-boundary.js:74:9)
    at RedirectBoundary (webpack-internal:///(app-pages-browser)/../../node_modules/next/dist/client/components/redirect-boundary.js:82:11)
    at NotFoundErrorBoundary (webpack-internal:///(app-pages-browser)/../../node_modules/next/dist/client/components/not-found-boundary.js:76:9)
    at NotFoundBoundary (webpack-internal:///(app-pages-browser)/../../node_modules/next/dist/client/components/not-found-boundary.js:84:11)
    at LoadingBoundary (webpack-internal:///(app-pages-browser)/../../node_modules/next/dist/client/components/layout-router.js:349:11)
    at ErrorBoundary (webpack-internal:///(app-pages-browser)/../../node_modules/next/dist/client/components/error-boundary.js:160:11)
    at InnerScrollAndFocusHandler (webpack-internal:///(app-pages-browser)/../../node_modules/next/dist/client/components/layout-router.js:153:9)
    at ScrollAndFocusHandler (webpack-internal:///(app-pages-browser)/../../node_modules/next/dist/client/components/layout-router.js:228:11)
    at RenderFromTemplateContext (webpack-internal:///(app-pages-browser)/../../node_modules/next/dist/client/components/render-from-template-context.js:16:44)
    at OuterLayoutRouter (webpack-internal:///(app-pages-browser)/../../node_modules/next/dist/client/components/layout-router.js:370:11)
    at RedirectErrorBoundary (webpack-internal:///(app-pages-browser)/../../node_modules/next/dist/client/components/redirect-boundary.js:74:9)
    at RedirectBoundary (webpack-internal:///(app-pages-browser)/../../node_modules/next/dist/client/components/redirect-boundary.js:82:11)
    at NotFoundErrorBoundary (webpack-internal:///(app-pages-browser)/../../node_modules/next/dist/client/components/not-found-boundary.js:76:9)
    at NotFoundBoundary (webpack-internal:///(app-pages-browser)/../../node_modules/next/dist/client/components/not-found-boundary.js:84:11)
    at DevRootNotFoundBoundary (webpack-internal:///(app-pages-browser)/../../node_modules/next/dist/client/components/dev-root-not-found-boundary.js:33:11)
    at ReactDevOverlay (webpack-internal:///(app-pages-browser)/../../node_modules/next/dist/client/components/react-dev-overlay/app/ReactDevOverlay.js:87:9)
    at HotReload (webpack-internal:///(app-pages-browser)/../../node_modules/next/dist/client/components/react-dev-overlay/app/hot-reloader-client.js:321:11)
    at Router (webpack-internal:///(app-pages-browser)/../../node_modules/next/dist/client/components/app-router.js:207:11)
    at ErrorBoundaryHandler (webpack-internal:///(app-pages-browser)/../../node_modules/next/dist/client/components/error-boundary.js:113:9)
    at ErrorBoundary (webpack-internal:///(app-pages-browser)/../../node_modules/next/dist/client/components/error-boundary.js:160:11)
    at AppRouter (webpack-internal:///(app-pages-browser)/../../node_modules/next/dist/client/components/app-router.js:585:13)
    at ServerRoot (webpack-internal:///(app-pages-browser)/../../node_modules/next/dist/client/app-index.js:112:27)
    at Root (webpack-internal:///(app-pages-browser)/../../node_modules/next/dist/client/app-index.js:117:11) @ webpack-internal:///(app-pages-browser)/../../node_modules/next/dist/client/app-index.js:32
[   12504ms] Error: Hydration failed because the initial UI does not match what was rendered on the server.
See more info here: https://nextjs.org/docs/messages/react-hydration-error
    at throwOnHydrationMismatch (webpack-internal:///(app-pages-browser)/../../node_modules/next/dist/compiled/react-dom/cjs/react-dom.development.js:6981:9)
    at tryToClaimNextHydratableInstance (webpack-internal:///(app-pages-browser)/../../node_modules/next/dist/compiled/react-dom/cjs/react-dom.development.js:7040:7)
    at updateHostComponent$1 (webpack-internal:///(app-pages-browser)/../../node_modules/next/dist/compiled/react-dom/cjs/react-dom.development.js:16621:5)
    at beginWork$1 (webpack-internal:///(app-pages-browser)/../../node_modules/next/dist/compiled/react-dom/cjs/react-dom.development.js:18503:14)
    at HTMLUnknownElement.callCallback (webpack-internal:///(app-pages-browser)/../../node_modules/next/dist/compiled/react-dom/cjs/react-dom.development.js:20565:14)
    at Object.invokeGuardedCallbackImpl (webpack-internal:///(app-pages-browser)/../../node_modules/next/dist/compiled/react-dom/cjs/react-dom.development.js:20614:16)
    at invokeGuardedCallback (webpack-internal:///(app-pages-browser)/../../node_modules/next/dist/compiled/react-dom/cjs/react-dom.development.js:20689:29)
    at beginWork (webpack-internal:///(app-pages-browser)/../../node_modules/next/dist/compiled/react-dom/cjs/react-dom.development.js:26949:7)
    at performUnitOfWork (webpack-internal:///(app-pages-browser)/../../node_modules/next/dist/compiled/react-dom/cjs/react-dom.development.js:25748:12)
    at workLoopConcurrent (webpack-internal:///(app-pages-browser)/../../node_modules/next/dist/compiled/react-dom/cjs/react-dom.development.js:25734:5)
    at renderRootConcurrent (webpack-internal:///(app-pages-browser)/../../node_modules/next/dist/compiled/react-dom/cjs/react-dom.development.js:25690:9)
    at performConcurrentWorkOnRoot (webpack-internal:///(app-pages-browser)/../../node_modules/next/dist/compiled/react-dom/cjs/react-dom.development.js:24504:38)
    at workLoop (webpack-internal:///(app-pages-browser)/../../node_modules/next/dist/compiled/scheduler/cjs/scheduler.development.js:256:34)
    at flushWork (webpack-internal:///(app-pages-browser)/../../node_modules/next/dist/compiled/scheduler/cjs/scheduler.development.js:225:14)
    at MessagePort.performWorkUntilDeadline (webpack-internal:///(app-pages-browser)/../../node_modules/next/dist/compiled/scheduler/cjs/scheduler.development.js:534:21)
[   12503ms] [ERROR] Warning: An error occurred during hydration. The server HTML was replaced with client content in <%s>. #document @ webpack-internal:///(app-pages-browser)/../../node_modules/next/dist/client/app-index.js:32
[   12512ms] Error: Unknown root exit status.
    at finishConcurrentRender (webpack-internal:///(app-pages-browser)/../../node_modules/next/dist/compiled/react-dom/cjs/react-dom.development.js:24681:15)
    at performConcurrentWorkOnRoot (webpack-internal:///(app-pages-browser)/../../node_modules/next/dist/compiled/react-dom/cjs/react-dom.development.js:24559:9)
    at workLoop (webpack-internal:///(app-pages-browser)/../../node_modules/next/dist/compiled/scheduler/cjs/scheduler.development.js:256:34)
    at flushWork (webpack-internal:///(app-pages-browser)/../../node_modules/next/dist/compiled/scheduler/cjs/scheduler.development.js:225:14)
    at MessagePort.performWorkUntilDeadline (webpack-internal:///(app-pages-browser)/../../node_modules/next/dist/compiled/scheduler/cjs/scheduler.development.js:534:21)
[   17023ms] [WARNING] The resource http://localhost:4200/_next/static/css/app/(app)/(site)/launches/page.css?v=1773812692981 was preloaded using link preload but not used within a few seconds from the window's load event. Please make sure it has an appropriate `as` value and it is preloaded intentionally. @ http://localhost:4200/launches:0
