[   16345ms] [ERROR] Access to fetch at 'http://localhost:3000/user/self' from origin 'http://localhost:4200' has been blocked by CORS policy: Request header field auth is not allowed by Access-Control-Allow-Headers in preflight response. @ http://localhost:4200/launches:0
[   16345ms] [ERROR] Failed to load resource: net::ERR_FAILED @ http://localhost:3000/user/self:0
[   23580ms] [WARNING] The resource http://localhost:4200/_next/static/css/app/(app)/(site)/launches/page.css?v=1773804838385 was preloaded using link preload but not used within a few seconds from the window's load event. Please make sure it has an appropriate `as` value and it is preloaded intentionally. @ http://localhost:4200/launches:0
[   23693ms] [ERROR] Access to fetch at 'http://localhost:3000/user/self' from origin 'http://localhost:4200' has been blocked by CORS policy: The value of the 'Access-Control-Allow-Credentials' header in the response is '' which must be 'true' when the request's credentials mode is 'include'. @ http://localhost:4200/launches:0
[   23693ms] [ERROR] Failed to load resource: net::ERR_FAILED @ http://localhost:3000/user/self:0
[   26350ms] [ERROR] Access to fetch at 'http://localhost:3000/user/self' from origin 'http://localhost:4200' has been blocked by CORS policy: Request header field auth is not allowed by Access-Control-Allow-Headers in preflight response. @ http://localhost:4200/launches:0
[   26350ms] [ERROR] Failed to load resource: net::ERR_FAILED @ http://localhost:3000/user/self:0
[   29351ms] [WARNING] The resource http://localhost:4200/_next/static/css/app/(app)/(site)/launches/page.css?v=1773804838385 was preloaded using link preload but not used within a few seconds from the window's load event. Please make sure it has an appropriate `as` value and it is preloaded intentionally. @ http://localhost:4200/launches:0
[   32593ms] [WARNING] The resource http://localhost:4200/_next/static/css/app/(app)/(site)/launches/page.css?v=1773804838385 was preloaded using link preload but not used within a few seconds from the window's load event. Please make sure it has an appropriate `as` value and it is preloaded intentionally. @ http://localhost:4200/launches:0
[   39464ms] [ERROR] Failed to load resource: net::ERR_EMPTY_RESPONSE @ http://localhost:4200/launches?_rsc=1xkpj:0
[   39464ms] [ERROR] Failed to fetch RSC payload for http://localhost:4200/launches. Falling back to browser navigation. TypeError: Failed to fetch
    at fetchServerResponse (webpack-internal:///(app-pages-browser)/../../node_modules/next/dist/client/components/router-reducer/fetch-server-response.js:59:27)
    at fastRefreshReducerImpl (webpack-internal:///(app-pages-browser)/../../node_modules/next/dist/client/components/router-reducer/reducers/fast-refresh-reducer.js:33:67)
    at clientReducer (webpack-internal:///(app-pages-browser)/../../node_modules/next/dist/client/components/router-reducer/router-reducer.js:41:67)
    at Object.action (webpack-internal:///(app-pages-browser)/../../node_modules/next/dist/shared/lib/router/action-queue.js:150:55)
    at runAction (webpack-internal:///(app-pages-browser)/../../node_modules/next/dist/shared/lib/router/action-queue.js:56:38)
    at dispatchAction (webpack-internal:///(app-pages-browser)/../../node_modules/next/dist/shared/lib/router/action-queue.js:113:9)
    at Object.dispatch (webpack-internal:///(app-pages-browser)/../../node_modules/next/dist/shared/lib/router/action-queue.js:145:40)
    at eval (webpack-internal:///(app-pages-browser)/../../node_modules/next/dist/client/components/use-reducer-with-devtools.js:130:21)
    at eval (webpack-internal:///(app-pages-browser)/../../node_modules/next/dist/client/components/app-router.js:304:25)
    at startTransition (webpack-internal:///(app-pages-browser)/../../node_modules/next/dist/compiled/react/cjs/react.development.js:2597:25)
    at Object.fastRefresh (webpack-internal:///(app-pages-browser)/../../node_modules/next/dist/client/components/app-router.js:303:48)
    at eval (webpack-internal:///(app-pages-browser)/../../node_modules/next/dist/client/components/react-dev-overlay/app/hot-reloader-client.js:277:28)
    at startTransition (webpack-internal:///(app-pages-browser)/../../node_modules/next/dist/compiled/react/cjs/react.development.js:2597:25)
    at processMessage (webpack-internal:///(app-pages-browser)/../../node_modules/next/dist/client/components/react-dev-overlay/app/hot-reloader-client.js:276:44)
    at WebSocket.handler (webpack-internal:///(app-pages-browser)/../../node_modules/next/dist/client/components/react-dev-overlay/app/hot-reloader-client.js:395:17) @ webpack-internal:///(app-pages-browser)/../../node_modules/next/dist/client/app-index.js:32
